Determining if the pthread_create exist failed with the following output:
Change Dir: /home/adam/Documents/Github/OpenGL-template/cmake-build-debug/CMakeFiles/CMakeTmp

Run Build Command:"/usr/bin/make" "cmTC_bdc48/fast"
/usr/bin/make -f CMakeFiles/cmTC_bdc48.dir/build.make CMakeFiles/cmTC_bdc48.dir/build
make[1]: Entering directory '/home/adam/Documents/Github/OpenGL-template/cmake-build-debug/CMakeFiles/CMakeTmp'
Building C object CMakeFiles/cmTC_bdc48.dir/CheckSymbolExists.c.o
/usr/bin/cc     -o CMakeFiles/cmTC_bdc48.dir/CheckSymbolExists.c.o   -c /home/adam/Documents/Github/OpenGL-template/cmake-build-debug/CMakeFiles/CMakeTmp/CheckSymbolExists.c
Linking C executable cmTC_bdc48
/home/adam/Programs/cmake-3.6.1/bin/cmake -E cmake_link_script CMakeFiles/cmTC_bdc48.dir/link.txt --verbose=1
/usr/bin/cc       CMakeFiles/cmTC_bdc48.dir/CheckSymbolExists.c.o  -o cmTC_bdc48 -rdynamic 
CMakeFiles/cmTC_bdc48.dir/CheckSymbolExists.c.o: In function `main':
CheckSymbolExists.c:(.text+0x16): undefined reference to `pthread_create'
collect2: error: ld returned 1 exit status
CMakeFiles/cmTC_bdc48.dir/build.make:97: recipe for target 'cmTC_bdc48' failed
make[1]: *** [cmTC_bdc48] Error 1
make[1]: Leaving directory '/home/adam/Documents/Github/OpenGL-template/cmake-build-debug/CMakeFiles/CMakeTmp'
Makefile:126: recipe for target 'cmTC_bdc48/fast' failed
make: *** [cmTC_bdc48/fast] Error 2

File /home/adam/Documents/Github/OpenGL-template/cmake-build-debug/CMakeFiles/CMakeTmp/CheckSymbolExists.c:
/* */
#include <pthread.h>

int main(int argc, char** argv)
{
  (void)argv;
#ifndef pthread_create
  return ((int*)(&pthread_create))[argc];
#else
  (void)argc;
  return 0;
#endif
}

Determining if the function pthread_create exists in the pthreads failed with the following output:
Change Dir: /home/adam/Documents/Github/OpenGL-template/cmake-build-debug/CMakeFiles/CMakeTmp

Run Build Command:"/usr/bin/make" "cmTC_b65e6/fast"
/usr/bin/make -f CMakeFiles/cmTC_b65e6.dir/build.make CMakeFiles/cmTC_b65e6.dir/build
make[1]: Entering directory '/home/adam/Documents/Github/OpenGL-template/cmake-build-debug/CMakeFiles/CMakeTmp'
Building C object CMakeFiles/cmTC_b65e6.dir/CheckFunctionExists.c.o
/usr/bin/cc    -DCHECK_FUNCTION_EXISTS=pthread_create   -o CMakeFiles/cmTC_b65e6.dir/CheckFunctionExists.c.o   -c /home/adam/Programs/cmake-3.6.1/Modules/CheckFunctionExists.c
Linking C executable cmTC_b65e6
/home/adam/Programs/cmake-3.6.1/bin/cmake -E cmake_link_script CMakeFiles/cmTC_b65e6.dir/link.txt --verbose=1
/usr/bin/cc   -DCHECK_FUNCTION_EXISTS=pthread_create    CMakeFiles/cmTC_b65e6.dir/CheckFunctionExists.c.o  -o cmTC_b65e6 -rdynamic -lpthreads 
/usr/bin/ld: cannot find -lpthreads
collect2: error: ld returned 1 exit status
CMakeFiles/cmTC_b65e6.dir/build.make:97: recipe for target 'cmTC_b65e6' failed
make[1]: *** [cmTC_b65e6] Error 1
make[1]: Leaving directory '/home/adam/Documents/Github/OpenGL-template/cmake-build-debug/CMakeFiles/CMakeTmp'
Makefile:126: recipe for target 'cmTC_b65e6/fast' failed
make: *** [cmTC_b65e6/fast] Error 2


